[server] GET /article/types 200 134 - 22.293 ms
[server] GET /article/types 304 - - 2.499 ms
[server] GET /article/select 200 134 - 2.398 ms
[server] OPTIONS /article/types 204 0 - 1.561 ms
[server] GET /article/types 200 143 - 1.322 ms
[server] OPTIONS /article/select 204 0 - 0.673 ms
[server] GET /article/select 200 143 - 1.693 ms
[server] OPTIONS /article/types 204 0 - 0.343 ms
[server] GET /article/types 200 172 - 19.656 ms
[server] OPTIONS /article/select 204 0 - 0.325 ms
[server] GET /article/select 200 172 - 3.145 ms
[server] OPTIONS /article/types 204 0 - 0.314 ms
[server] GET /article/types 304 - - 4.358 ms
[server] OPTIONS /article/select 204 0 - 0.954 ms
[server] GET /article/select 304 - - 3.194 ms
[server] OPTIONS /login 204 0 - 0.312 ms
[server] POST /login 200 592 - 203.063 ms
[server] GET /upload/-0JkaC7dAn7lvTYsfTv8ppO3.jpg 304 - - 11.386 ms
[server] OPTIONS /article/types 204 0 - 0.864 ms
[server] GET /article/types 200 77 - 35.259 ms
[server] OPTIONS /article/select 204 0 - 0.339 ms
[server] OPTIONS /login 204 0 - 4.198 ms
[server] POST /login 200 174 - 26.078 ms
[server] OPTIONS /login 204 0 - 5.547 ms
[server] POST /login 200 174 - 40.872 ms
[server] OPTIONS /login 204 0 - 4.835 ms
[server] POST /login 200 592 - 219.377 ms
[server] GET /upload/-0JkaC7dAn7lvTYsfTv8ppO3.jpg 304 - - 6.691 ms
[server] OPTIONS /article/types 204 0 - 0.557 ms
[server] GET /article/types 304 - - 29.314 ms
[server] OPTIONS /article/select 204 0 - 0.660 ms
[server] OPTIONS /article/types 204 0 - 3.874 ms
[server] GET /article/types 304 - - 108.808 ms
[server] OPTIONS /article/select 204 0 - 0.805 ms
[server] OPTIONS /article/types 204 0 - 4.059 ms
[server] GET /article/types 304 - - 110.391 ms
[server] OPTIONS /article/select 204 0 - 0.486 ms
[server] OPTIONS /article/select 204 0 - 4.169 ms
[server] OPTIONS /article/select 204 0 - 2.490 ms
[server] OPTIONS /article/select 204 0 - 4.518 ms
[server] OPTIONS /article/select 204 0 - 3.660 ms
[server] OPTIONS /article/select 204 0 - 4.910 ms
[server] GET /article/select 200 77 - 212.192 ms
[server] OPTIONS /article/types 204 0 - 0.874 ms
[server] GET /article/types 304 - - 17.894 ms
[server] OPTIONS /login 204 0 - 0.347 ms
[server] POST /login 200 93 - 79.772 ms
[server] OPTIONS /login 204 0 - 0.321 ms
[server] POST /login 200 93 - 6.740 ms
[server] OPTIONS /login 204 0 - 1.077 ms
[server] POST /login 200 592 - 17.133 ms
[server] GET /upload/-0JkaC7dAn7lvTYsfTv8ppO3.jpg 200 115082 - 15.683 ms
[server] OPTIONS /login 204 0 - 0.323 ms
[server] POST /login 200 592 - 6.500 ms
[server] GET /upload/-0JkaC7dAn7lvTYsfTv8ppO3.jpg 304 - - 8.086 ms
[server] OPTIONS /article/types 204 0 - 0.314 ms
[server] GET /article/types 304 - - 6.378 ms
[server] OPTIONS /article/types 204 0 - 0.315 ms
[server] GET /article/types 304 - - 5.756 ms
[server] OPTIONS /article/types 204 0 - 3.929 ms
[server] GET /article/types 304 - - 109.573 ms
[server] OPTIONS /article/types 204 0 - 3.824 ms
[server] GET /article/types 200 494 - 110.841 ms
[server] OPTIONS /article/types 204 0 - 0.729 ms
[server] GET /article/types 304 - - 12.140 ms
[server] OPTIONS /article/types 204 0 - 6.765 ms
[server] GET /article/types 304 - - 139.407 ms
[server] OPTIONS /article/types 204 0 - 0.579 ms
[server] GET /article/types 304 - - 15.432 ms
[server] OPTIONS /article/types 204 0 - 0.195 ms
[server] GET /article/types 304 - - 6.329 ms
[server] OPTIONS /article/types 204 0 - 0.303 ms
[server] GET /article/types 304 - - 7.030 ms
[server] OPTIONS /article/types 204 0 - 0.323 ms
[server] GET /article/types 304 - - 8.721 ms
[server] GET /article/types 304 - - 12.599 ms
[server] OPTIONS /article/types 204 0 - 0.388 ms
[server] GET /article/types 304 - - 5.726 ms
[server] OPTIONS /article/types 204 0 - 0.876 ms
[server] GET /article/types 304 - - 3.334 ms
[server] GET /article/types 304 - - 8.235 ms
[server] GET /article/types 200 136 - 11.755 ms
[server] GET /article/types 200 136 - 27.859 ms
[server] OPTIONS /login 204 0 - 5.484 ms
[server] POST /login 200 93 - 574.351 ms
[server] OPTIONS /login 204 0 - 1.070 ms
[server] POST /login 200 592 - 38.598 ms
[server] GET /upload/-0JkaC7dAn7lvTYsfTv8ppO3.jpg 304 - - 10.214 ms
[server] OPTIONS /article/types 204 0 - 0.297 ms
[server] GET /article/types 304 - - 26.070 ms
[server] OPTIONS /article/types 204 0 - 0.213 ms
[server] GET /article/types 304 - - 8.340 ms
[server] GET /article/types 200 136 - 4.845 ms
[server] OPTIONS /login 204 0 - 4.176 ms
[server] POST /login 200 592 - 178.292 ms
[server] GET /upload/-0JkaC7dAn7lvTYsfTv8ppO3.jpg 304 - - 7.575 ms
[server] OPTIONS /article/types 204 0 - 0.574 ms
[server] GET /article/types 304 - - 34.365 ms
[server] OPTIONS /article/types 204 0 - 0.321 ms
[server] GET /article/types 304 - - 12.548 ms
[server] GET /article/types 401 181 - 3.810 ms
[server] OPTIONS /login 204 0 - 0.288 ms
[server] POST /login 200 592 - 13.950 ms
[server] GET /upload/-0JkaC7dAn7lvTYsfTv8ppO3.jpg 304 - - 3.934 ms
[server] OPTIONS /article/types 204 0 - 0.337 ms
[server] GET /article/types 304 - - 8.894 ms
[server] GET /article/types 401 181 - 6.028 ms
[server] GET /article/types 401 181 - 2.478 ms
[server] GET /article/types 401 181 - 1.851 ms
[server] OPTIONS /article/types 204 0 - 0.322 ms
[server] GET /article/types 304 - - 6.182 ms
[server] OPTIONS /article/types 204 0 - 0.319 ms
[server] GET /article/types 304 - - 7.638 ms
[server] GET /article/types 401 181 - 1.728 ms
[server] GET /article/types 401 181 - 1.915 ms
[server] GET /article/types 401 181 - 2.157 ms
[server] OPTIONS /article/types 204 0 - 0.332 ms
[server] GET /article/types 304 - - 6.386 ms
[server] OPTIONS /article/types 204 0 - 0.599 ms
[server] GET /article/types 304 - - 6.979 ms
[server] OPTIONS /article/types 204 0 - 0.686 ms
[server] GET /article/types 304 - - 4.965 ms
[server] OPTIONS /article/postpublish 204 0 - 0.971 ms
[server] OPTIONS /article/postpublish 204 0 - 0.304 ms
[server] OPTIONS /article/types 204 0 - 0.987 ms
[server] GET /article/types 304 - - 8.231 ms
[server] OPTIONS /login 204 0 - 0.277 ms
[server] POST /login 200 592 - 9.503 ms
[server] GET /upload/-0JkaC7dAn7lvTYsfTv8ppO3.jpg 304 - - 1.624 ms
[server] OPTIONS /article/types 204 0 - 0.314 ms
[server] GET /article/types 304 - - 4.256 ms
[server] OPTIONS /article/postpublish 204 0 - 0.275 ms
[server] POST /article/postpublish 404 159 - 4.511 ms
[server] GET /article/types 401 181 - 1.934 ms
[server] OPTIONS /article/types 204 0 - 0.306 ms
[server] GET /article/types 304 - - 5.564 ms
[server] OPTIONS /article/publish 204 0 - 0.241 ms
[server] GET /article/types 401 181 - 2.697 ms
[server] OPTIONS /article/types 204 0 - 0.545 ms
[server] GET /article/types 304 - - 6.897 ms
[server] OPTIONS /article/types 204 0 - 0.595 ms
[server] GET /article/types 304 - - 3.963 ms
[server] GET /article/types 401 181 - 39.672 ms
[server] OPTIONS /article/types 204 0 - 0.745 ms
[server] GET /article/types 304 - - 89.965 ms
[server] OPTIONS /article/publish 204 0 - 0.645 ms
[server] POST /article/publish 200 77 - 126.170 ms
[server] OPTIONS /article/types 204 0 - 0.300 ms
[server] GET /article/types 304 - - 13.989 ms
[server] OPTIONS /article/publish 204 0 - 0.256 ms
[server] POST /article/publish 200 77 - 20.110 ms
[server] OPTIONS /article/select 204 0 - 0.328 ms
[server] GET /article/select 200 2395 - 12.190 ms
[server] OPTIONS /article/types 204 0 - 0.337 ms
[server] GET /article/types 304 - - 6.391 ms
[server] OPTIONS /article/types 204 0 - 4.126 ms
[server] GET /article/types 304 - - 129.070 ms
